# JRE version: OpenJDK Runtime Environment (11.0.10) (build 11.0.10+0-b96-7249189)
# Java VM: OpenJDK 64-Bit Server VM (11.0.10+0-b96-7249189, mixed mode, tiered, compressed oops, g1 gc, windows-amd64)
Heap:
 garbage-first heap   total 265216K, used 201172K [0x0000000080000000, 0x0000000100000000)
  region size 1024K, 93 young (95232K), 2 survivors (2048K)
 Metaspace       used 114266K, capacity 117750K, committed 117888K, reserved 1150976K
  class space    used 14686K, capacity 15970K, committed 16076K, reserved 1048576K
GC Heap History (20 events):
Event: 222.824 GC heap before
{Heap before GC invocations=11 (full 0):
 garbage-first heap   total 258048K, used 194605K [0x0000000080000000, 0x0000000100000000)
  region size 1024K, 139 young (142336K), 10 survivors (10240K)
 Metaspace       used 81763K, capacity 84253K, committed 84480K, reserved 1122304K
  class space    used 10650K, capacity 11560K, committed 11596K, reserved 1048576K
}
Event: 222.834 GC heap after
{Heap after GC invocations=12 (full 0):
 garbage-first heap   total 258048K, used 66322K [0x0000000080000000, 0x0000000100000000)
  region size 1024K, 13 young (13312K), 13 survivors (13312K)
 Metaspace       used 81763K, capacity 84253K, committed 84480K, reserved 1122304K
  class space    used 10650K, capacity 11560K, committed 11596K, reserved 1048576K
}
Event: 256.515 GC heap before
{Heap before GC invocations=12 (full 0):
 garbage-first heap   total 258048K, used 216850K [0x0000000080000000, 0x0000000100000000)
  region size 1024K, 144 young (147456K), 13 survivors (13312K)
 Metaspace       used 89037K, capacity 91575K, committed 91776K, reserved 1128448K
  class space    used 11428K, capacity 12361K, committed 12492K, reserved 1048576K
}
Event: 256.527 GC heap after
{Heap after GC invocations=13 (full 0):
 garbage-first heap   total 258048K, used 72649K [0x0000000080000000, 0x0000000100000000)
  region size 1024K, 11 young (11264K), 11 survivors (11264K)
 Metaspace       used 89037K, capacity 91575K, committed 91776K, reserved 1128448K
  class space    used 11428K, capacity 12361K, committed 12492K, reserved 1048576K
}
Event: 726.389 GC heap before
{Heap before GC invocations=13 (full 0):
 garbage-first heap   total 258048K, used 220105K [0x0000000080000000, 0x0000000100000000)
  region size 1024K, 139 young (142336K), 11 survivors (11264K)
 Metaspace       used 91769K, capacity 94533K, committed 94848K, reserved 1132544K
  class space    used 11681K, capacity 12675K, committed 12748K, reserved 1048576K
}
Event: 726.400 GC heap after
{Heap after GC invocations=14 (full 0):
 garbage-first heap   total 258048K, used 79084K [0x0000000080000000, 0x0000000100000000)
  region size 1024K, 13 young (13312K), 13 survivors (13312K)
 Metaspace       used 91769K, capacity 94533K, committed 94848K, reserved 1132544K
  class space    used 11681K, capacity 12675K, committed 12748K, reserved 1048576K
}
Event: 1057.042 GC heap before
{Heap before GC invocations=14 (full 0):
 garbage-first heap   total 258048K, used 249068K [0x0000000080000000, 0x0000000100000000)
  region size 1024K, 134 young (137216K), 13 survivors (13312K)
 Metaspace       used 94044K, capacity 96872K, committed 97152K, reserved 1134592K
  class space    used 11934K, capacity 12973K, committed 13004K, reserved 1048576K
}
Event: 1057.050 GC heap after
{Heap after GC invocations=15 (full 0):
 garbage-first heap   total 262144K, used 77488K [0x0000000080000000, 0x0000000100000000)
  region size 1024K, 7 young (7168K), 7 survivors (7168K)
 Metaspace       used 94044K, capacity 96872K, committed 97152K, reserved 1134592K
  class space    used 11934K, capacity 12973K, committed 13004K, reserved 1048576K
}
Event: 1082.371 GC heap before
{Heap before GC invocations=15 (full 0):
 garbage-first heap   total 262144K, used 253616K [0x0000000080000000, 0x0000000100000000)
  region size 1024K, 134 young (137216K), 7 survivors (7168K)
 Metaspace       used 94546K, capacity 97367K, committed 97536K, reserved 1134592K
  class space    used 11962K, capacity 13025K, committed 13132K, reserved 1048576K
}
Event: 1082.377 GC heap after
{Heap after GC invocations=16 (full 0):
 garbage-first heap   total 263168K, used 78421K [0x0000000080000000, 0x0000000100000000)
  region size 1024K, 8 young (8192K), 8 survivors (8192K)
 Metaspace       used 94546K, capacity 97367K, committed 97536K, reserved 1134592K
  class space    used 11962K, capacity 13025K, committed 13132K, reserved 1048576K
}
Event: 2111.477 GC heap before
{Heap before GC invocations=16 (full 0):
 garbage-first heap   total 263168K, used 256597K [0x0000000080000000, 0x0000000100000000)
  region size 1024K, 137 young (140288K), 8 survivors (8192K)
 Metaspace       used 94914K, capacity 97845K, committed 98048K, reserved 1134592K
  class space    used 11965K, capacity 13028K, committed 13132K, reserved 1048576K
}
Event: 2111.482 GC heap after
{Heap after GC invocations=17 (full 0):
 garbage-first heap   total 265216K, used 76755K [0x0000000080000000, 0x0000000100000000)
  region size 1024K, 7 young (7168K), 7 survivors (7168K)
 Metaspace       used 94914K, capacity 97845K, committed 98048K, reserved 1134592K
  class space    used 11965K, capacity 13028K, committed 13132K, reserved 1048576K
}
Event: 3093.668 GC heap before
{Heap before GC invocations=17 (full 0):
 garbage-first heap   total 265216K, used 241619K [0x0000000080000000, 0x0000000100000000)
  region size 1024K, 140 young (143360K), 7 survivors (7168K)
 Metaspace       used 97329K, capacity 100575K, committed 100736K, reserved 1136640K
  class space    used 12300K, capacity 13485K, committed 13516K, reserved 1048576K
}
Event: 3093.676 GC heap after
{Heap after GC invocations=18 (full 0):
 garbage-first heap   total 265216K, used 78983K [0x0000000080000000, 0x0000000100000000)
  region size 1024K, 9 young (9216K), 9 survivors (9216K)
 Metaspace       used 97329K, capacity 100575K, committed 100736K, reserved 1136640K
  class space    used 12300K, capacity 13485K, committed 13516K, reserved 1048576K
}
Event: 3093.684 GC heap before
{Heap before GC invocations=18 (full 0):
 garbage-first heap   total 265216K, used 78983K [0x0000000080000000, 0x0000000100000000)
  region size 1024K, 10 young (10240K), 9 survivors (9216K)
 Metaspace       used 97574K, capacity 100768K, committed 100908K, reserved 1136640K
  class space    used 12335K, capacity 13485K, committed 13516K, reserved 1048576K
}
Event: 3093.690 GC heap after
{Heap after GC invocations=19 (full 0):
 garbage-first heap   total 265216K, used 79140K [0x0000000080000000, 0x0000000100000000)
  region size 1024K, 9 young (9216K), 9 survivors (9216K)
 Metaspace       used 97574K, capacity 100768K, committed 100908K, reserved 1136640K
  class space    used 12335K, capacity 13485K, committed 13516K, reserved 1048576K
}
Event: 3118.543 GC heap before
{Heap before GC invocations=20 (full 0):
 garbage-first heap   total 265216K, used 237860K [0x0000000080000000, 0x0000000100000000)
  region size 1024K, 134 young (137216K), 9 survivors (9216K)
 Metaspace       used 113694K, capacity 117148K, committed 117248K, reserved 1150976K
  class space    used 14654K, capacity 15911K, committed 15948K, reserved 1048576K
}
Event: 3118.550 GC heap after
{Heap after GC invocations=21 (full 0):
 garbage-first heap   total 265216K, used 80163K [0x0000000080000000, 0x0000000100000000)
  region size 1024K, 8 young (8192K), 8 survivors (8192K)
 Metaspace       used 113694K, capacity 117148K, committed 117248K, reserved 1150976K
  class space    used 14654K, capacity 15911K, committed 15948K, reserved 1048576K
}
Event: 3118.605 GC heap before
{Heap before GC invocations=21 (full 0):
 garbage-first heap   total 265216K, used 84259K [0x0000000080000000, 0x0000000100000000)
  region size 1024K, 12 young (12288K), 8 survivors (8192K)
 Metaspace       used 113701K, capacity 117148K, committed 117248K, reserved 1150976K
  class space    used 14654K, capacity 15911K, committed 15948K, reserved 1048576K
}
Event: 3118.613 GC heap after
{Heap after GC invocations=22 (full 0):
 garbage-first heap   total 265216K, used 78292K [0x0000000080000000, 0x0000000100000000)
  region size 1024K, 2 young (2048K), 2 survivors (2048K)
 Metaspace       used 113701K, capacity 117148K, committed 117248K, reserved 1150976K
  class space    used 14654K, capacity 15911K, committed 15948K, reserved 1048576K
}

